<?xml version="1.0" encoding="UTF-8"?>
<!-- Generated by org.testng.reporters.JUnitReportReporter -->
<testsuite skipped="0" hostname="Ultimate-Macbook.local" name="com.AutomationPractice.TestCases.CreateAccount" tests="1" failures="0" timestamp="2020-12-01T12:02:15 GMT" time="58.329" errors="0">
  <testcase name="automationpracticepage" time="58.329" classname="com.AutomationPractice.TestCases.CreateAccount"/>
  <system-out/>
</testsuite> <!-- com.AutomationPractice.TestCases.CreateAccount -->
