<?xml version="1.0" encoding="UTF-8"?>
<!-- Generated by org.testng.reporters.JUnitReportReporter -->
<testsuite skipped="0" hostname="Ultimate-Macbook.local" name="com.AutomationPractice.TestCases.PriceRange" tests="1" failures="0" timestamp="2020-12-01T12:02:15 GMT" time="0.407" errors="0">
  <testcase name="automationpracticepage" time="0.407" classname="com.AutomationPractice.TestCases.PriceRange"/>
  <system-out/>
</testsuite> <!-- com.AutomationPractice.TestCases.PriceRange -->
