<?xml version="1.0" encoding="UTF-8"?>
<!-- Generated by org.testng.reporters.JUnitReportReporter -->
<testsuite skipped="0" hostname="Ultimate-Macbook.local" name="com.AutomationPractice.TestCases.PriceRange2" tests="1" failures="0" timestamp="24 Nov 2020 16:57:19 GMT" time="8.900" errors="0">
  <testcase name="automationpracticepage" time="8.900" classname="com.AutomationPractice.TestCases.PriceRange2"/>
</testsuite> <!-- com.AutomationPractice.TestCases.PriceRange2 -->
