<?xml version="1.0" encoding="UTF-8"?>
<!-- Generated by org.testng.reporters.JUnitReportReporter -->
<testsuite skipped="0" hostname="Ultimate-Macbook.local" name="com.AutomationPractice.TestCases.ReadWriteExcel" tests="1" failures="0" timestamp="22 Nov 2020 21:04:06 GMT" time="11.630" errors="0">
  <testcase name="automationpracticepage" time="11.630" classname="com.AutomationPractice.TestCases.ReadWriteExcel"/>
</testsuite> <!-- com.AutomationPractice.TestCases.ReadWriteExcel -->
